Running iteration 1/3 бн
[backend_runner] Created image: D:/pythonprograms/BackendRunnerServer/test_output\image_20250811_175501_272068.png
Running iteration 2/3 бн
[backend_runner] Created image: D:/pythonprograms/BackendRunnerServer/test_output\image_20250811_175506_304900.png
Running iteration 3/3 бн
[backend_runner] Created image: D:/pythonprograms/BackendRunnerServer/test_output\image_20250811_175511_314021.png
Created final log file: D:/pythonprograms/BackendRunnerServer/test_output\final_status.log
Mock Backend Runner Finished.

Traceback (most recent call last):
  File "C:\Users\shunxuanxi\anaconda3\Scripts\conda-script.py", line 11, in <module>
    from conda.cli import main
ModuleNotFoundError: No module named 'conda'
Traceback (most recent call last):
  File "C:\Users\shunxuanxi\anaconda3\Scripts\conda-script.py", line 11, in <module>
    from conda.cli import main
ModuleNotFoundError: No module named 'conda'
Traceback (most recent call last):
  File "C:\Users\shunxuanxi\anaconda3\Scripts\conda-script.py", line 11, in <module>
    from conda.cli import main
ModuleNotFoundError: No module named 'conda'
Running iteration 1/3 тАж
[backend_runner] Created image: D:/pythonprograms/BackendRunnerServer/test_output\image_20250811_181336_479142.png
Running iteration 2/3 тАж
[backend_runner] Created image: D:/pythonprograms/BackendRunnerServer/test_output\image_20250811_181341_491775.png
Running iteration 3/3 тАж
[backend_runner] Created image: D:/pythonprograms/BackendRunnerServer/test_output\image_20250811_181346_497324.png
Created final log file: D:/pythonprograms/BackendRunnerServer/test_output\final_status.log
Mock Backend Runner Finished.
Running iteration 1/3 бн
[backend_runner] Created image: training_1755003278059\image_20250813_144345_790388.png
Running iteration 2/3 бн
[backend_runner] Created image: training_1755003278059\image_20250813_144350_793350.png
Running iteration 3/3 бн
[backend_runner] Created image: training_1755003278059\image_20250813_144355_796324.png
Created final log file: training_1755003278059\final_status.log
Mock Backend Runner Finished.
Running iteration 1/3 бн
[backend_runner] Created image: D:/pythonprograms/BackendRunnerServer/test_output\image_20250813_144641_201578.png
Running iteration 2/3 бн
[backend_runner] Created image: D:/pythonprograms/BackendRunnerServer/test_output\image_20250813_144646_209829.png
Running iteration 3/3 бн
[backend_runner] Created image: D:/pythonprograms/BackendRunnerServer/test_output\image_20250813_144651_218023.png
Created final log file: D:/pythonprograms/BackendRunnerServer/test_output\final_status.log
Mock Backend Runner Finished.
Running iteration 1/3 бн
[backend_runner] Created image: training_1755003278059\image_20250813_145148_923698.png
Running iteration 2/3 бн
[backend_runner] Created image: training_1755003278059\image_20250813_145153_926723.png
Running iteration 3/3 бн
[backend_runner] Created image: training_1755003278059\image_20250813_145158_929538.png
Created final log file: training_1755003278059\final_status.log
Mock Backend Runner Finished.
Running iteration 1/3 бн
[backend_runner] Created image: training_1755003278059\image_20250813_150146_287858.png
Running iteration 2/3 бн
[backend_runner] Created image: training_1755003278059\image_20250813_150151_290990.png
Running iteration 3/3 бн
[backend_runner] Created image: training_1755003278059\image_20250813_150156_295835.png
Created final log file: training_1755003278059\final_status.log
Mock Backend Runner Finished.
Running iteration 1/3 бн
[backend_runner] Created image: training_1755003278059\image_20250813_150232_628253.png
Running iteration 2/3 бн
[backend_runner] Created image: training_1755003278059\image_20250813_150237_631794.png
Running iteration 3/3 бн
[backend_runner] Created image: training_1755003278059\image_20250813_150242_635792.png
Created final log file: training_1755003278059\final_status.log
Mock Backend Runner Finished.
Running iteration 1/3 бн
[backend_runner] Created image: training_1755003278059\image_20250813_151137_841581.png
Running iteration 2/3 бн
[backend_runner] Created image: training_1755003278059\image_20250813_151142_846343.png
Running iteration 3/3 бн
[backend_runner] Created image: training_1755003278059\image_20250813_151147_850191.png
Created final log file: training_1755003278059\final_status.log
Mock Backend Runner Finished.
Running iteration 1/3 бн
[backend_runner] Created image: test_callback_1755069649\image_20250813_152054_230957.png
Running iteration 2/3 бн
[backend_runner] Created image: test_callback_1755069649\image_20250813_152059_234718.png
Running iteration 3/3 бн
[backend_runner] Created image: test_callback_1755069649\image_20250813_152104_238877.png
Created final log file: test_callback_1755069649\final_status.log
Mock Backend Runner Finished.
Running iteration 1/3 бн
[backend_runner] Created image: training_1755003278059\image_20250813_152703_580898.png
Running iteration 2/3 бн
[backend_runner] Created image: training_1755003278059\image_20250813_152708_584489.png
Running iteration 3/3 бн
[backend_runner] Created image: training_1755003278059\image_20250813_152713_587469.png
Created final log file: training_1755003278059\final_status.log
Mock Backend Runner Finished.
Running iteration 1/3 бн
[backend_runner] Created image: training_1755003278059\image_20250813_153738_736552.png
Running iteration 2/3 бн
[backend_runner] Created image: training_1755003278059\image_20250813_153743_740233.png
Running iteration 3/3 бн
[backend_runner] Created image: training_1755003278059\image_20250813_153748_743633.png
Created final log file: training_1755003278059\final_status.log
Mock Backend Runner Finished.
Running iteration 1/3 бн
[backend_runner] Created image: training_1755003278059\image_20250813_154442_627214.png
Running iteration 2/3 бн
[backend_runner] Created image: training_1755003278059\image_20250813_154447_630632.png
Running iteration 3/3 бн
[backend_runner] Created image: training_1755003278059\image_20250813_154452_635257.png
Created final log file: training_1755003278059\final_status.log
Mock Backend Runner Finished.
Running iteration 1/3 бн
[backend_runner] Created image: training_1755003278059\image_20250813_154631_566454.png
Running iteration 2/3 бн
[backend_runner] Created image: training_1755003278059\image_20250813_154636_569857.png
Running iteration 3/3 бн
[backend_runner] Created image: training_1755003278059\image_20250813_154641_576170.png
Created final log file: training_1755003278059\final_status.log
Mock Backend Runner Finished.
Running iteration 1/3 бн
[backend_runner] Created image: training_1755003278059\image_20250813_155630_897019.png
Running iteration 2/3 бн
[backend_runner] Created image: training_1755003278059\image_20250813_155635_900395.png
Running iteration 3/3 бн
[backend_runner] Created image: training_1755003278059\image_20250813_155640_903426.png
Created final log file: training_1755003278059\final_status.log
Mock Backend Runner Finished.
Running iteration 1/3 бн
[backend_runner] Created image: training_1755003278059\image_20250813_163156_162108.png
Running iteration 2/3 бн
[backend_runner] Created image: training_1755003278059\image_20250813_163201_166051.png
Running iteration 3/3 бн
[backend_runner] Created image: training_1755003278059\image_20250813_163206_169370.png
Created final log file: training_1755003278059\final_status.log
Mock Backend Runner Finished.
Running iteration 1/3 бн
[backend_runner] Created image: training_1755086422231\image_20250813_200031_182397.png
Running iteration 2/3 бн
[backend_runner] Created image: training_1755086422231\image_20250813_200036_185527.png
Running iteration 3/3 бн
[backend_runner] Created image: training_1755086422231\image_20250813_200041_188512.png
Created final log file: training_1755086422231\final_status.log
Mock Backend Runner Finished.
Running iteration 1/3 бн
[backend_runner] Created image: training_1755087401105\image_20250813_201651_246981.png
Running iteration 2/3 бн
[backend_runner] Created image: training_1755087401105\image_20250813_201656_250819.png
Running iteration 3/3 бн
[backend_runner] Created image: training_1755087401105\image_20250813_201701_254373.png
Created final log file: training_1755087401105\final_status.log
Mock Backend Runner Finished.
Running iteration 1/3 бн
[backend_runner] Created image: training_1755003278059\image_20250813_210032_128894.png
Running iteration 2/3 бн
[backend_runner] Created image: training_1755003278059\image_20250813_210037_132460.png
Running iteration 3/3 бн
[backend_runner] Created image: training_1755003278059\image_20250813_210042_135958.png
Created final log file: training_1755003278059\final_status.log
Mock Backend Runner Finished.
Running iteration 1/3 бн
[backend_runner] Created image: training_1755090320802\image_20250813_210528_109253.png
Running iteration 2/3 бн
[backend_runner] Created image: training_1755090320802\image_20250813_210533_112161.png
Running iteration 3/3 бн
[backend_runner] Created image: training_1755090320802\image_20250813_210538_115552.png
Created final log file: training_1755090320802\final_status.log
Mock Backend Runner Finished.
Running iteration 1/3 бн
[backend_runner] Created image: training_1755090395354\image_20250813_210644_044932.png
Running iteration 2/3 бн
[backend_runner] Created image: training_1755090395354\image_20250813_210649_048577.png
Running iteration 3/3 бн
[backend_runner] Created image: training_1755090395354\image_20250813_210654_051808.png
Created final log file: training_1755090395354\final_status.log
Mock Backend Runner Finished.
Running iteration 1/3 бн
[backend_runner] Created image: training_1755090494204\image_20250813_210821_522926.png
Running iteration 2/3 бн
[backend_runner] Created image: training_1755090494204\image_20250813_210826_526222.png
Running iteration 3/3 бн
[backend_runner] Created image: training_1755090494204\image_20250813_210831_529653.png
Created final log file: training_1755090494204\final_status.log
Mock Backend Runner Finished.
Running iteration 1/3 бн
[backend_runner] Created image: training_1755003278059\image_20250813_221928_882276.png
Running iteration 2/3 бн
[backend_runner] Created image: training_1755003278059\image_20250813_221933_885971.png
Running iteration 3/3 бн
[backend_runner] Created image: training_1755003278059\image_20250813_221938_889854.png
Created final log file: training_1755003278059\final_status.log
Mock Backend Runner Finished.
Running iteration 1/3 бн
[backend_runner] Created image: training_1755003278059\image_20250813_222928_319186.png
Running iteration 2/3 бн
[backend_runner] Created image: training_1755003278059\image_20250813_222933_322527.png
Running iteration 3/3 бн
[backend_runner] Created image: training_1755003278059\image_20250813_222938_325450.png
Created final log file: training_1755003278059\final_status.log
Mock Backend Runner Finished.
Running iteration 1/3 бн
[backend_runner] Created image: training_1755003278059\image_20250813_223457_753090.png
Running iteration 2/3 бн
[backend_runner] Created image: training_1755003278059\image_20250813_223502_756404.png
Running iteration 3/3 бн
[backend_runner] Created image: training_1755003278059\image_20250813_223507_761502.png
Created final log file: training_1755003278059\final_status.log
Mock Backend Runner Finished.
Running iteration 1/3 бн
[backend_runner] Created image: training_1755003278059\image_20250813_223802_204990.png
Running iteration 2/3 бн
[backend_runner] Created image: training_1755003278059\image_20250813_223807_209287.png
Running iteration 3/3 бн
[backend_runner] Created image: training_1755003278059\image_20250813_223812_213060.png
Created final log file: training_1755003278059\final_status.log
Mock Backend Runner Finished.
Running iteration 1/3 бн
[backend_runner] Created image: training_1755003278059\image_20250814_105008_955086.png
Running iteration 2/3 бн
[backend_runner] Created image: training_1755003278059\image_20250814_105013_959854.png
Running iteration 3/3 бн
[backend_runner] Created image: training_1755003278059\image_20250814_105018_964915.png
Created final log file: training_1755003278059\final_status.log
Mock Backend Runner Finished.
Running iteration 1/3 бн
[backend_runner] Created image: training_1755003278059\image_20250814_105406_670071.png
Running iteration 2/3 бн
[backend_runner] Created image: training_1755003278059\image_20250814_105411_674585.png
Running iteration 3/3 бн
[backend_runner] Created image: training_1755003278059\image_20250814_105416_677824.png
Created final log file: training_1755003278059\final_status.log
Mock Backend Runner Finished.
Running iteration 1/3 бн
[backend_runner] Created image: training_1755003278059\image_20250814_110223_181486.png
Running iteration 2/3 бн
[backend_runner] Created image: training_1755003278059\image_20250814_110228_186067.png
Running iteration 3/3 бн
[backend_runner] Created image: training_1755003278059\image_20250814_110233_189183.png
Created final log file: training_1755003278059\final_status.log
Mock Backend Runner Finished.
Running iteration 1/3 бн
[backend_runner] Created image: test_config_fix_output\image_20250814_110839_637496.png
Running iteration 2/3 бн
[backend_runner] Created image: test_config_fix_output\image_20250814_110844_641544.png
Running iteration 3/3 бн
[backend_runner] Created image: test_config_fix_output\image_20250814_110849_645774.png
Created final log file: test_config_fix_output\final_status.log
Mock Backend Runner Finished.
Running iteration 1/3 бн
[backend_runner] Created image: test_optimizer_import_1755141152058\image_20250814_111237_173782.png
Running iteration 2/3 бн
[backend_runner] Created image: test_optimizer_import_1755141152058\image_20250814_111242_179079.png
Running iteration 3/3 бн
[backend_runner] Created image: test_optimizer_import_1755141152058\image_20250814_111247_183141.png
Created final log file: test_optimizer_import_1755141152058\final_status.log
Mock Backend Runner Finished.
Running iteration 1/3 бн
[backend_runner] Created image: test_optimizer_import_1755141282270\image_20250814_111447_392557.png
Running iteration 2/3 бн
[backend_runner] Created image: test_optimizer_import_1755141282270\image_20250814_111452_396356.png
Running iteration 3/3 бн
[backend_runner] Created image: test_optimizer_import_1755141282270\image_20250814_111457_399176.png
Created final log file: test_optimizer_import_1755141282270\final_status.log
Mock Backend Runner Finished.
Running iteration 1/3 бн
[backend_runner] Created image: test_optimizer_import_1755141592518\image_20250814_111957_668141.png
Running iteration 2/3 бн
[backend_runner] Created image: test_optimizer_import_1755141592518\image_20250814_112002_672524.png
Running iteration 3/3 бн
[backend_runner] Created image: test_optimizer_import_1755141592518\image_20250814_112007_677228.png
Created final log file: test_optimizer_import_1755141592518\final_status.log
Mock Backend Runner Finished.
Running iteration 1/3 бн
[backend_runner] Created image: training_1755003278059\image_20250814_112100_829311.png
Running iteration 2/3 бн
[backend_runner] Created image: training_1755003278059\image_20250814_112105_832786.png
Running iteration 3/3 бн
[backend_runner] Created image: training_1755003278059\image_20250814_112110_836856.png
Created final log file: training_1755003278059\final_status.log
Mock Backend Runner Finished.
Running iteration 1/3 бн
[backend_runner] Created image: training_1755003278059\image_20250814_112444_578812.png
Running iteration 2/3 бн
[backend_runner] Created image: training_1755003278059\image_20250814_112449_582058.png
Running iteration 3/3 бн
[backend_runner] Created image: training_1755003278059\image_20250814_112454_585646.png
Created final log file: training_1755003278059\final_status.log
Mock Backend Runner Finished.
Running iteration 1/3 бн
[backend_runner] Created image: training_1755003278060\image_20250814_113547_647144.png
Running iteration 2/3 бн
[backend_runner] Created image: training_1755003278060\image_20250814_113552_650612.png
Running iteration 3/3 бн
[backend_runner] Created image: training_1755003278060\image_20250814_113557_655533.png
Created final log file: training_1755003278060\final_status.log
Mock Backend Runner Finished.
Running iteration 1/3 бн
[backend_runner] Created image: training_1755143170158\image_20250814_115016_428650.png
Running iteration 2/3 бн
[backend_runner] Created image: training_1755143170158\image_20250814_115021_431496.png
Running iteration 3/3 бн
[backend_runner] Created image: training_1755143170158\image_20250814_115026_436459.png
Created final log file: training_1755143170158\final_status.log
Mock Backend Runner Finished.
Running iteration 1/3 бн
[backend_runner] Created image: training_1755143759358\image_20250814_115605_874646.png
Running iteration 2/3 бн
[backend_runner] Created image: training_1755143759358\image_20250814_115610_877650.png
Running iteration 3/3 бн
[backend_runner] Created image: training_1755143759358\image_20250814_115615_881809.png
Created final log file: training_1755143759358\final_status.log
Mock Backend Runner Finished.
Running iteration 1/3 бн
[backend_runner] Created image: training_1755143759358\image_20250814_115647_535408.png
Running iteration 2/3 бн
[backend_runner] Created image: training_1755143759358\image_20250814_115652_538812.png
Running iteration 3/3 бн
[backend_runner] Created image: training_1755143759358\image_20250814_115657_541977.png
Created final log file: training_1755143759358\final_status.log
Mock Backend Runner Finished.
Running iteration 1/3 бн
[backend_runner] Created image: training_1755143759357\image_20250814_115714_843644.png
Running iteration 2/3 бн
[backend_runner] Created image: training_1755143759357\image_20250814_115719_850579.png
Running iteration 3/3 бн
[backend_runner] Created image: training_1755143759357\image_20250814_115724_854586.png
Created final log file: training_1755143759357\final_status.log
Mock Backend Runner Finished.
Running iteration 1/3 бн
[backend_runner] Created image: training_1755143868797\image_20250814_115810_974435.png
Running iteration 2/3 бн
[backend_runner] Created image: training_1755143868797\image_20250814_115815_979078.png
Running iteration 3/3 бн
[backend_runner] Created image: training_1755143868797\image_20250814_115820_983412.png
Created final log file: training_1755143868797\final_status.log
Mock Backend Runner Finished.
Running iteration 1/3 бн
[backend_runner] Created image: training_1755143868797\image_20250814_115930_611119.png
Running iteration 2/3 бн
[backend_runner] Created image: training_1755143868797\image_20250814_115935_613988.png
Running iteration 3/3 бн
[backend_runner] Created image: training_1755143868797\image_20250814_115940_617306.png
Created final log file: training_1755143868797\final_status.log
Mock Backend Runner Finished.
Running iteration 1/3 бн
[backend_runner] Created image: training_1755003278059\image_20250814_120603_530867.png
Running iteration 2/3 бн
[backend_runner] Created image: training_1755003278059\image_20250814_120608_535369.png
Running iteration 3/3 бн
[backend_runner] Created image: training_1755003278059\image_20250814_120613_540009.png
Created final log file: training_1755003278059\final_status.log
Mock Backend Runner Finished.
Running iteration 1/3 бн
[backend_runner] Created image: training_1755003278060\image_20250814_120817_015829.png
Running iteration 2/3 бн
[backend_runner] Created image: training_1755003278060\image_20250814_120822_019596.png
Running iteration 3/3 бн
[backend_runner] Created image: training_1755003278060\image_20250814_120827_023763.png
Created final log file: training_1755003278060\final_status.log
Mock Backend Runner Finished.
Running iteration 1/3 бн
[backend_runner] Created image: training_1755003278060\image_20250814_121141_428533.png
Running iteration 2/3 бн
[backend_runner] Created image: training_1755003278060\image_20250814_121146_431075.png
Running iteration 3/3 бн
[backend_runner] Created image: training_1755003278060\image_20250814_121151_434989.png
Created final log file: training_1755003278060\final_status.log
Mock Backend Runner Finished.
Running iteration 1/3 бн
[backend_runner] Created image: training_1755146005532\image_20250814_123333_164931.png
Running iteration 2/3 бн
[backend_runner] Created image: training_1755146005532\image_20250814_123338_167548.png
Running iteration 3/3 бн
[backend_runner] Created image: training_1755146005532\image_20250814_123343_171284.png
Created final log file: training_1755146005532\final_status.log
Mock Backend Runner Finished.
Running iteration 1/3 бн
[backend_runner] Created image: test_vivighr_callback_1755147063\image_20250814_125108_679023.png
Running iteration 2/3 бн
[backend_runner] Created image: test_vivighr_callback_1755147063\image_20250814_125113_682207.png
Running iteration 3/3 бн
[backend_runner] Created image: test_vivighr_callback_1755147063\image_20250814_125118_685844.png
Created final log file: test_vivighr_callback_1755147063\final_status.log
Mock Backend Runner Finished.
Running iteration 1/3 бн
[backend_runner] Created image: training_1755147912645\image_20250814_130521_283526.png
Running iteration 2/3 бн
[backend_runner] Created image: training_1755147912645\image_20250814_130526_286401.png
Running iteration 3/3 бн
[backend_runner] Created image: training_1755147912645\image_20250814_130531_290598.png
Created final log file: training_1755147912645\final_status.log
Mock Backend Runner Finished.
Running iteration 1/3 бн
[backend_runner] Created image: training_1755003278\image_20250814_144507_054837.png
Running iteration 2/3 бн
[backend_runner] Created image: training_1755003278\image_20250814_144512_057778.png
Running iteration 3/3 бн
[backend_runner] Created image: training_1755003278\image_20250814_144517_060457.png
Created final log file: training_1755003278\final_status.log
Mock Backend Runner Finished.
Running iteration 1/3 бн
[backend_runner] Created image: training_1755003278\image_20250814_144648_902428.png
Running iteration 2/3 бн
[backend_runner] Created image: training_1755003278\image_20250814_144653_907909.png
Running iteration 3/3 бн
[backend_runner] Created image: training_1755003278\image_20250814_144658_911953.png
Created final log file: training_1755003278\final_status.log
Mock Backend Runner Finished.
Running iteration 1/3 бн
[backend_runner] Created image: training_1755003278\image_20250814_144728_252284.png
Running iteration 2/3 бн
[backend_runner] Created image: training_1755003278\image_20250814_144733_262587.png
Running iteration 3/3 бн
[backend_runner] Created image: training_1755003278\image_20250814_144738_266369.png
Created final log file: training_1755003278\final_status.log
Mock Backend Runner Finished.
Running iteration 1/3 бн
[backend_runner] Created image: training_1755003278\image_20250814_144936_957181.png
Running iteration 2/3 бн
[backend_runner] Created image: training_1755003278\image_20250814_144941_959811.png
Running iteration 3/3 бн
[backend_runner] Created image: training_1755003278\image_20250814_144946_963268.png
Created final log file: training_1755003278\final_status.log
Mock Backend Runner Finished.
Running iteration 1/3 бн
[backend_runner] Created image: training_1755\image_20250814_144959_843218.png
Running iteration 2/3 бн
[backend_runner] Created image: training_1755\image_20250814_145004_856272.png
Running iteration 3/3 бн
[backend_runner] Created image: training_1755\image_20250814_145009_859005.png
Created final log file: training_1755\final_status.log
Mock Backend Runner Finished.
Running iteration 1/3 бн
[backend_runner] Created image: training_1755147912645\image_20250814_155021_205101.png
Running iteration 2/3 бн
[backend_runner] Created image: training_1755147912645\image_20250814_155026_208556.png
Running iteration 3/3 бн
[backend_runner] Created image: training_1755147912645\image_20250814_155031_212997.png
Created final log file: training_1755147912645\final_status.log
Mock Backend Runner Finished.
Running iteration 1/3 бн
[backend_runner] Created image: training_1755147912645\image_20250814_155607_096932.png
Running iteration 2/3 бн
[backend_runner] Created image: training_1755147912645\image_20250814_155612_099883.png
Running iteration 3/3 бн
[backend_runner] Created image: training_1755147912645\image_20250814_155617_104232.png
Created final log file: training_1755147912645\final_status.log
Mock Backend Runner Finished.
Running iteration 1/3 бн
[backend_runner] Created image: training_1755147912645\image_20250814_162326_283997.png
Running iteration 2/3 бн
[backend_runner] Created image: training_1755147912645\image_20250814_162331_288724.png
Running iteration 3/3 бн
[backend_runner] Created image: training_1755147912645\image_20250814_162336_292749.png
Created final log file: training_1755147912645\final_status.log
Mock Backend Runner Finished.
